<?xml version="1.0" encoding="UTF-8"?>
<!-- Generated by org.testng.reporters.JUnitReportReporter -->
<testsuite hostname="LP-TZD-0X45702" failures="0" tests="4" name="RESTAPITesting.PUT_User" time="7.381" errors="0" timestamp="2026-01-31T10:33:07 IST" skipped="0">
  <testcase classname="RESTAPITesting.PUT_User" name="postuser1" time="5.976"/>
  <testcase classname="RESTAPITesting.PUT_User" name="putuser" time="0.432"/>
  <testcase classname="RESTAPITesting.PUT_User" name="patchuser" time="0.492"/>
  <testcase classname="RESTAPITesting.PUT_User" name="deleteuser" time="0.481"/>
</testsuite> <!-- RESTAPITesting.PUT_User -->
