<?xml version="1.0" encoding="UTF-8"?>
<!-- Generated by org.testng.reporters.JUnitReportReporter -->
<testsuite hostname="LP-TZD-0X45702" failures="0" tests="3" name="RESTAPITesting.GET_User" time="4.554" errors="0" timestamp="2026-01-30T09:57:19 IST" skipped="0">
  <testcase classname="RESTAPITesting.GET_User" name="getuser2" time="0.784"/>
  <testcase classname="RESTAPITesting.GET_User" name="getuser3" time="0.763"/>
  <testcase classname="RESTAPITesting.GET_User" name="getuser" time="3.007"/>
</testsuite> <!-- RESTAPITesting.GET_User -->
