<?xml version="1.0" encoding="UTF-8"?>
<testng-results ignored="0" total="1" passed="1" failed="0" skipped="0">
  <reporter-output>
  </reporter-output>
  <suite started-at="2026-01-23T16:20:11 IST" name="Default suite" finished-at="2026-01-23T16:20:24 IST" duration-ms="12858">
    <groups>
    </groups>
    <test started-at="2026-01-23T16:20:11 IST" name="Default test" finished-at="2026-01-23T16:20:24 IST" duration-ms="12858">
      <class name="seleniumPackage.Lab9">
        <test-method is-config="true" signature="setup(java.lang.String)[pri:0, instance:seleniumPackage.Lab9@7c7a06ec]" started-at="2026-01-23T16:20:12 IST" name="setup" finished-at="2026-01-23T16:20:16 IST" duration-ms="4430" status="PASS">
          <params>
            <param index="0">
              <value>
                <![CDATA[chrome]]>
              </value>
            </param>
          </params>
          <reporter-output>
          </reporter-output>
        </test-method> <!-- setup -->
        <test-method signature="f()[pri:0, instance:seleniumPackage.Lab9@7c7a06ec]" started-at="2026-01-23T16:20:16 IST" name="f" finished-at="2026-01-23T16:20:24 IST" duration-ms="7608" status="PASS">
          <reporter-output>
          </reporter-output>
        </test-method> <!-- f -->
        <test-method is-config="true" signature="afterMethod()[pri:0, instance:seleniumPackage.Lab9@7c7a06ec]" started-at="2026-01-23T16:20:24 IST" name="afterMethod" finished-at="2026-01-23T16:20:24 IST" duration-ms="709" status="PASS">
          <reporter-output>
          </reporter-output>
        </test-method> <!-- afterMethod -->
      </class> <!-- seleniumPackage.Lab9 -->
    </test> <!-- Default test -->
  </suite> <!-- Default suite -->
</testng-results>
